============================= test session starts =============================
platform win32 -- Python 3.12.10, pytest-9.0.3, pluggy-1.6.0 -- C:\Users\naren.a\AppData\Local\Programs\Python\Python312\python.exe
cachedir: .pytest_cache
hypothesis profile 'default'
rootdir: C:\NarenGitHubRepoPOCs\AIEnterpiseRAG\AIEnterpriseRag\projects\document-transformation-chunking
configfile: pyproject.toml
plugins: anyio-4.13.0, hypothesis-6.155.1, asyncio-1.4.0, mock-3.15.1
asyncio: mode=Mode.STRICT, debug=False, asyncio_default_fixture_loop_scope=None, asyncio_default_test_loop_scope=function
collecting ... collected 9 items

tests/test_wave1_contract_invalid_samples.py::test_missing_required_field_fails_with_indexed_error_message PASSED [ 11%]
tests/test_wave1_contract_valid_samples.py::test_all_valid_contract_samples_pass_validation PASSED [ 22%]
tests/test_wave1_contracts.py::test_artifact_contract_payload_contains_required_fields PASSED [ 33%]
tests/test_wave1_docling_conversion.py::test_supported_formats_convert_to_markdown PASSED [ 44%]
tests/test_wave1_source_mapping.py::test_source_mapping_tracks_sections_and_line_positions PASSED [ 55%]
tests/test_wave1_structure_preservation.py::test_structural_markers_are_preserved_in_markdown_output PASSED [ 66%]
tests/test_wave2_strategies.py::test_semantic_chunking_respects_target_size FAILED [ 77%]
tests/test_wave2_strategies.py::test_contextual_chunking_includes_neighbor_context PASSED [ 88%]
tests/test_wave2_strategies.py::test_summary_artifacts_are_bounded PASSED [100%]

================================== FAILURES ===================================
_________________ test_semantic_chunking_respects_target_size _________________

    def test_semantic_chunking_respects_target_size():
        text = "Alpha beta gamma delta epsilon zeta eta theta iota kappa lambda mu nu xi omicron pi rho sigma tau upsilon phi chi psi omega."
    
        chunks = chunk_text_semantically(text, max_chars=40, overlap=10)
    
        assert len(chunks) >= 2
>       assert all(len(chunk) <= 40 for chunk in chunks)
E       assert False
E        +  where False = all(<generator object test_semantic_chunking_respects_target_size.<locals>.<genexpr> at 0x000001622EF62190>)

tests\test_wave2_strategies.py:21: AssertionError
=========================== short test summary info ===========================
FAILED tests/test_wave2_strategies.py::test_semantic_chunking_respects_target_size - assert False
 +  where False = all(<generator object test_semantic_chunking_respects_target_size.<locals>.<genexpr> at 0x000001622EF62190>)
========================= 1 failed, 8 passed in 0.61s =========================

